================================================================================
                        ERROR TYPE GUIDE
          Understanding What the Test Fixer Can and Cannot Fix
================================================================================

ğŸ”´ IMPORT ERROR - Cannot Auto-Fix (What's in your errors2.txt)
â”€â”€â”€â”€â”€â”€â”€â”€â”€â”€â”€â”€â”€â”€â”€â”€â”€â”€â”€â”€â”€â”€â”€â”€â”€â”€â”€â”€â”€â”€â”€â”€â”€â”€â”€â”€â”€â”€â”€â”€â”€â”€â”€â”€â”€â”€â”€â”€â”€â”€â”€â”€â”€â”€â”€â”€â”€â”€â”€â”€â”€â”€â”€â”€â”€â”€â”€â”€â”€â”€â”€â”€â”€â”€â”€â”€

ERROR: test_fix_script (unittest.loader._FailedTest.test_fix_script)
ImportError: Failed to import test module: test_fix_script
Traceback (most recent call last):
  File "/app/test_fix_script.py", line 8, in <module>
    from fix_test_errors import ErrorFileParser, TestError
  File "/app/fix_test_errors.py", line 21, in <module>
    from claude_agent_sdk import ClaudeSDKClient
ModuleNotFoundError: No module named 'claude_agent_sdk'
                      ^^^^^^^^^^^^^^^^^^^^^^^^^^^^^
                      Missing package - need to install!

Identifiers:
  ğŸš« "in <module>" - not a test method
  ğŸš« ModuleNotFoundError - missing dependency
  ğŸš« Happens BEFORE tests run
  ğŸš« No test method visible

Manual Fix Required:
  $ pip install claude_agent_sdk

Why script can't fix:
  â€¢ Not a test code issue
  â€¢ Environment/setup problem
  â€¢ No test method to update
  â€¢ Needs package installation

Script will say:
  âš  Skipping error - cannot identify test file/method

â”€â”€â”€â”€â”€â”€â”€â”€â”€â”€â”€â”€â”€â”€â”€â”€â”€â”€â”€â”€â”€â”€â”€â”€â”€â”€â”€â”€â”€â”€â”€â”€â”€â”€â”€â”€â”€â”€â”€â”€â”€â”€â”€â”€â”€â”€â”€â”€â”€â”€â”€â”€â”€â”€â”€â”€â”€â”€â”€â”€â”€â”€â”€â”€â”€â”€â”€â”€â”€â”€â”€â”€â”€â”€â”€â”€

ğŸŸ¢ TEST METHOD ERROR - CAN Auto-Fix (What you need)
â”€â”€â”€â”€â”€â”€â”€â”€â”€â”€â”€â”€â”€â”€â”€â”€â”€â”€â”€â”€â”€â”€â”€â”€â”€â”€â”€â”€â”€â”€â”€â”€â”€â”€â”€â”€â”€â”€â”€â”€â”€â”€â”€â”€â”€â”€â”€â”€â”€â”€â”€â”€â”€â”€â”€â”€â”€â”€â”€â”€â”€â”€â”€â”€â”€â”€â”€â”€â”€â”€â”€â”€â”€â”€â”€â”€

ERROR: test_create_account (tests.test_account.TestAccount)
Traceback (most recent call last):
  File "/app/tests/test_account.py", line 42, in test_create_account
                                                   ^^^^^^^^^^^^^^^^^^^
                                                   Actual test method!
    result = service.create_account(email)
                     ^^^^^^^^^^^^^^
                     Wrong method name!
AttributeError: 'Service' object has no attribute 'create_account'

Identifiers:
  âœ… "in test_create_account" - real test method
  âœ… AttributeError - code issue, not environment
  âœ… Happens DURING test execution
  âœ… Test file and method clearly visible

Script Auto-Fix:
  1. Reads test file
  2. Reads service source code
  3. Sees method is now "create_or_update_account"
  4. Updates test code
  5. Runs test to validate
  6. Reports success!

Script will say:
  âœ“ Successfully fixed: tests/test_account.py::test_create_account

================================================================================

                            DECISION TREE

    Error in traceback?
           â”‚
           â”œâ”€ Yes â†’ Where is it?
           â”‚        â”‚
           â”‚        â”œâ”€ "in <module>" â†’ IMPORT ERROR (Manual fix)
           â”‚        â”‚                  â””â†’ Install package
           â”‚        â”‚                  â””â†’ Fix syntax
           â”‚        â”‚
           â”‚        â”œâ”€ "in test_xxx" â†’ TEST METHOD ERROR (Auto-fixable!)
           â”‚        â”‚                  â””â†’ Use test fixer script
           â”‚        â”‚
           â”‚        â””â”€ "in _some_service_method" â†’ RUNTIME ERROR (Manual)
           â”‚                                        â””â†’ Fix source code
           â”‚                                        â””â†’ Fix mocks
           â”‚
           â””â”€ No â†’ Not a test error

================================================================================

                         WHAT'S IN YOUR FILES?

errors.txt (5.2K):
  âŒ 0 test method errors
  âŒ 6 timeout exceptions in logging service
  âŒ 1 import error
  â†’ Cannot auto-fix

errors2.txt (301K):
  âŒ 0 test method errors
  âŒ 2 import errors (claude_agent_sdk, faker)
  âŒ Runtime errors during tests
  â†’ Cannot auto-fix

sample_test_errors.txt (1.1K):
  âœ… 2 test method errors
  âœ… 1 import error (but shows test file)
  â†’ Partially auto-fixable (2 out of 3)

================================================================================

                      HOW TO GET FIXABLE ERRORS

Step 1: Fix Import Errors First
â”€â”€â”€â”€â”€â”€â”€â”€â”€â”€â”€â”€â”€â”€â”€â”€â”€â”€â”€â”€â”€â”€â”€â”€â”€â”€â”€â”€â”€â”€â”€â”€â”€â”€â”€â”€â”€â”€â”€â”€â”€â”€â”€â”€â”€â”€â”€â”€â”€â”€â”€â”€â”€â”€â”€â”€â”€â”€â”€â”€â”€â”€â”€â”€â”€â”€â”€â”€â”€â”€â”€â”€â”€â”€â”€â”€
$ pip install claude_agent_sdk faker
# Install all missing dependencies

Step 2: Run Tests Again
â”€â”€â”€â”€â”€â”€â”€â”€â”€â”€â”€â”€â”€â”€â”€â”€â”€â”€â”€â”€â”€â”€â”€â”€â”€â”€â”€â”€â”€â”€â”€â”€â”€â”€â”€â”€â”€â”€â”€â”€â”€â”€â”€â”€â”€â”€â”€â”€â”€â”€â”€â”€â”€â”€â”€â”€â”€â”€â”€â”€â”€â”€â”€â”€â”€â”€â”€â”€â”€â”€â”€â”€â”€â”€â”€â”€
$ python3 -m pytest tests/ -v 2>&1 > fresh_output.txt
# Now imports work, may reveal actual test failures

Step 3: Extract Test Method Errors
â”€â”€â”€â”€â”€â”€â”€â”€â”€â”€â”€â”€â”€â”€â”€â”€â”€â”€â”€â”€â”€â”€â”€â”€â”€â”€â”€â”€â”€â”€â”€â”€â”€â”€â”€â”€â”€â”€â”€â”€â”€â”€â”€â”€â”€â”€â”€â”€â”€â”€â”€â”€â”€â”€â”€â”€â”€â”€â”€â”€â”€â”€â”€â”€â”€â”€â”€â”€â”€â”€â”€â”€â”€â”€â”€â”€
$ python3 extract_test_errors.py fresh_output.txt > fixable_errors.txt
# Only test method errors extracted

Step 4: Verify
â”€â”€â”€â”€â”€â”€â”€â”€â”€â”€â”€â”€â”€â”€â”€â”€â”€â”€â”€â”€â”€â”€â”€â”€â”€â”€â”€â”€â”€â”€â”€â”€â”€â”€â”€â”€â”€â”€â”€â”€â”€â”€â”€â”€â”€â”€â”€â”€â”€â”€â”€â”€â”€â”€â”€â”€â”€â”€â”€â”€â”€â”€â”€â”€â”€â”€â”€â”€â”€â”€â”€â”€â”€â”€â”€â”€
$ ./check_error_file.sh fixable_errors.txt
# Should show: âœ… Found N test method references

Step 5: Auto-Fix
â”€â”€â”€â”€â”€â”€â”€â”€â”€â”€â”€â”€â”€â”€â”€â”€â”€â”€â”€â”€â”€â”€â”€â”€â”€â”€â”€â”€â”€â”€â”€â”€â”€â”€â”€â”€â”€â”€â”€â”€â”€â”€â”€â”€â”€â”€â”€â”€â”€â”€â”€â”€â”€â”€â”€â”€â”€â”€â”€â”€â”€â”€â”€â”€â”€â”€â”€â”€â”€â”€â”€â”€â”€â”€â”€â”€
$ python3 fix_test_errors.py fixable_errors.txt --model sonnet
# Script updates test code automatically

================================================================================

                           QUICK REFERENCE

Error Type          | Location       | Can Auto-Fix? | Fix Method
--------------------|----------------|---------------|------------------
Import Error        | in <module>    | ğŸš« No         | pip install
Syntax Error        | in <module>    | ğŸš« No         | Fix code
Test Method Error   | in test_xxx    | âœ… YES        | Run script
Runtime Error       | in _service    | ğŸš« No         | Fix source/mocks
Environment Error   | Connection     | ğŸš« No         | Setup env
Setup Error         | setUp()        | âš ï¸ Maybe      | Depends on issue

================================================================================

                              SUMMARY

Your errors2.txt has:
  â€¢ Import errors (ModuleNotFoundError)
  â€¢ These happen "in <module>"
  â€¢ These are NOT test method errors
  â€¢ Script correctly identifies: 0 fixable errors

To get fixable errors:
  1. pip install claude_agent_sdk faker
  2. python3 -m pytest tests/ -v 2>&1 > new.txt
  3. python3 extract_test_errors.py new.txt > fixable.txt
  4. python3 fix_test_errors.py fixable.txt --model sonnet

The checker IS working correctly!
It's telling you: "No test method errors - only import errors"

================================================================================
